Copyright 1986-2019 Xilinx, Inc. All Rights Reserved.
-----------------------------------------------------------------------------------------------------------------------------------------------------------------------------------
| Tool Version : Vivado v.2019.1 (lin64) Build 2552052 Fri May 24 14:47:09 MDT 2019
| Date         : Wed Nov 20 22:32:38 2019
| Host         : cslab-ThinkCentre-M910s running 64-bit Ubuntu 16.04.1 LTS
| Command      : report_timing_summary -max_paths 10 -file main_timing_summary_routed.rpt -pb main_timing_summary_routed.pb -rpx main_timing_summary_routed.rpx -warn_on_violation
| Design       : main
| Device       : 7a35t-cpg236
| Speed File   : -1  PRODUCTION 1.23 2018-06-13
-----------------------------------------------------------------------------------------------------------------------------------------------------------------------------------

Timing Summary Report

------------------------------------------------------------------------------------------------
| Timer Settings
| --------------
------------------------------------------------------------------------------------------------

  Enable Multi Corner Analysis               :  Yes
  Enable Pessimism Removal                   :  Yes
  Pessimism Removal Resolution               :  Nearest Common Node
  Enable Input Delay Default Clock           :  No
  Enable Preset / Clear Arcs                 :  No
  Disable Flight Delays                      :  No
  Ignore I/O Paths                           :  No
  Timing Early Launch at Borrowing Latches   :  No
  Borrow Time for Max Delay Exceptions       :  Yes

  Corner  Analyze    Analyze    
  Name    Max Paths  Min Paths  
  ------  ---------  ---------  
  Slow    Yes        Yes        
  Fast    Yes        Yes        



check_timing report

Table of Contents
-----------------
1. checking no_clock
2. checking constant_clock
3. checking pulse_width_clock
4. checking unconstrained_internal_endpoints
5. checking no_input_delay
6. checking no_output_delay
7. checking multiple_clock
8. checking generated_clocks
9. checking loops
10. checking partial_input_delay
11. checking partial_output_delay
12. checking latch_loops

1. checking no_clock
--------------------
 There are 32 register/latch pins with no clock driven by root clock pin: new_clk_reg/Q (HIGH)


2. checking constant_clock
--------------------------
 There are 0 register/latch pins with constant_clock.


3. checking pulse_width_clock
-----------------------------
 There are 0 register/latch pins which need pulse_width check


4. checking unconstrained_internal_endpoints
--------------------------------------------
 There are 94 pins that are not constrained for maximum delay. (HIGH)

 There are 0 pins that are not constrained for maximum delay due to constant clock.


5. checking no_input_delay
--------------------------
 There are 14 input ports with no input delay specified. (HIGH)

 There are 0 input ports with no input delay but user has a false path constraint.


6. checking no_output_delay
---------------------------
 There are 16 ports with no output delay specified. (HIGH)

 There are 0 ports with no output delay but user has a false path constraint

 There are 0 ports with no output delay but with a timing clock defined on it or propagating through it


7. checking multiple_clock
--------------------------
 There are 0 register/latch pins with multiple clocks.


8. checking generated_clocks
----------------------------
 There are 0 generated clocks that are not connected to a clock source.


9. checking loops
-----------------
 There are 0 combinational loops in the design.


10. checking partial_input_delay
--------------------------------
 There are 0 input ports with partial input delay specified.


11. checking partial_output_delay
---------------------------------
 There are 0 ports with partial output delay specified.


12. checking latch_loops
------------------------
 There are 0 combinational latch loops in the design through latch input



------------------------------------------------------------------------------------------------
| Design Timing Summary
| ---------------------
------------------------------------------------------------------------------------------------

    WNS(ns)      TNS(ns)  TNS Failing Endpoints  TNS Total Endpoints      WHS(ns)      THS(ns)  THS Failing Endpoints  THS Total Endpoints     WPWS(ns)     TPWS(ns)  TPWS Failing Endpoints  TPWS Total Endpoints  
    -------      -------  ---------------------  -------------------      -------      -------  ---------------------  -------------------     --------     --------  ----------------------  --------------------  
      5.582        0.000                      0                   66        0.103        0.000                      0                   66        4.500        0.000                       0                    72  


All user specified timing constraints are met.


------------------------------------------------------------------------------------------------
| Clock Summary
| -------------
------------------------------------------------------------------------------------------------

Clock        Waveform(ns)       Period(ns)      Frequency(MHz)
-----        ------------       ----------      --------------
sys_clk_pin  {0.000 5.000}      10.000          100.000         


------------------------------------------------------------------------------------------------
| Intra Clock Table
| -----------------
------------------------------------------------------------------------------------------------

Clock             WNS(ns)      TNS(ns)  TNS Failing Endpoints  TNS Total Endpoints      WHS(ns)      THS(ns)  THS Failing Endpoints  THS Total Endpoints     WPWS(ns)     TPWS(ns)  TPWS Failing Endpoints  TPWS Total Endpoints  
-----             -------      -------  ---------------------  -------------------      -------      -------  ---------------------  -------------------     --------     --------  ----------------------  --------------------  
sys_clk_pin         5.582        0.000                      0                   66        0.103        0.000                      0                   66        4.500        0.000                       0                    72  


------------------------------------------------------------------------------------------------
| Inter Clock Table
| -----------------
------------------------------------------------------------------------------------------------

From Clock    To Clock          WNS(ns)      TNS(ns)  TNS Failing Endpoints  TNS Total Endpoints      WHS(ns)      THS(ns)  THS Failing Endpoints  THS Total Endpoints  
----------    --------          -------      -------  ---------------------  -------------------      -------      -------  ---------------------  -------------------  


------------------------------------------------------------------------------------------------
| Other Path Groups Table
| -----------------------
------------------------------------------------------------------------------------------------

Path Group    From Clock    To Clock          WNS(ns)      TNS(ns)  TNS Failing Endpoints  TNS Total Endpoints      WHS(ns)      THS(ns)  THS Failing Endpoints  THS Total Endpoints  
----------    ----------    --------          -------      -------  ---------------------  -------------------      -------      -------  ---------------------  -------------------  


------------------------------------------------------------------------------------------------
| Timing Details
| --------------
------------------------------------------------------------------------------------------------


---------------------------------------------------------------------------------------------------
From Clock:  sys_clk_pin
  To Clock:  sys_clk_pin

Setup :            0  Failing Endpoints,  Worst Slack        5.582ns,  Total Violation        0.000ns
Hold  :            0  Failing Endpoints,  Worst Slack        0.103ns,  Total Violation        0.000ns
PW    :            0  Failing Endpoints,  Worst Slack        4.500ns,  Total Violation        0.000ns
---------------------------------------------------------------------------------------------------


Max Delay Paths
--------------------------------------------------------------------------------------
Slack (MET) :             5.582ns  (required time - arrival time)
  Source:                 div_reg[5]/C
                            (rising edge-triggered cell FDRE clocked by sys_clk_pin  {rise@0.000ns fall@5.000ns period=10.000ns})
  Destination:            div_reg[21]/R
                            (rising edge-triggered cell FDRE clocked by sys_clk_pin  {rise@0.000ns fall@5.000ns period=10.000ns})
  Path Group:             sys_clk_pin
  Path Type:              Setup (Max at Slow Process Corner)
  Requirement:            10.000ns  (sys_clk_pin rise@10.000ns - sys_clk_pin rise@0.000ns)
  Data Path Delay:        3.824ns  (logic 0.828ns (21.652%)  route 2.996ns (78.348%))
  Logic Levels:           3  (LUT4=1 LUT5=2)
  Clock Path Skew:        -0.130ns (DCD - SCD + CPR)
    Destination Clock Delay (DCD):    4.776ns = ( 14.776 - 10.000 ) 
    Source Clock Delay      (SCD):    5.085ns
    Clock Pessimism Removal (CPR):    0.180ns
  Clock Uncertainty:      0.035ns  ((TSJ^2 + TIJ^2)^1/2 + DJ) / 2 + PE
    Total System Jitter     (TSJ):    0.071ns
    Total Input Jitter      (TIJ):    0.000ns
    Discrete Jitter          (DJ):    0.000ns
    Phase Error              (PE):    0.000ns

    Location             Delay type                Incr(ns)  Path(ns)    Netlist Resource(s)
  -------------------------------------------------------------------    -------------------
                         (clock sys_clk_pin rise edge)
                                                      0.000     0.000 r  
    W5                                                0.000     0.000 r  clk (IN)
                         net (fo=0)                   0.000     0.000    clk
    W5                   IBUF (Prop_ibuf_I_O)         1.458     1.458 r  clk_IBUF_inst/O
                         net (fo=1, routed)           1.967     3.425    clk_IBUF
    BUFGCTRL_X0Y1        BUFG (Prop_bufg_I_O)         0.096     3.521 r  clk_IBUF_BUFG_inst/O
                         net (fo=71, routed)          1.564     5.085    clk_IBUF_BUFG
    SLICE_X35Y46         FDRE                                         r  div_reg[5]/C
  -------------------------------------------------------------------    -------------------
    SLICE_X35Y46         FDRE (Prop_fdre_C_Q)         0.456     5.541 f  div_reg[5]/Q
                         net (fo=2, routed)           0.701     6.243    div_reg_n_0_[5]
    SLICE_X34Y46         LUT4 (Prop_lut4_I1_O)        0.124     6.367 f  div[0]_i_8/O
                         net (fo=1, routed)           0.495     6.862    div[0]_i_8_n_0
    SLICE_X34Y45         LUT5 (Prop_lut5_I4_O)        0.124     6.986 f  div[0]_i_4/O
                         net (fo=3, routed)           0.815     7.801    div[0]_i_4_n_0
    SLICE_X34Y46         LUT5 (Prop_lut5_I2_O)        0.124     7.925 r  div[32]_i_1/O
                         net (fo=32, routed)          0.984     8.909    new_clk__0
    SLICE_X35Y50         FDRE                                         r  div_reg[21]/R
  -------------------------------------------------------------------    -------------------

                         (clock sys_clk_pin rise edge)
                                                     10.000    10.000 r  
    W5                                                0.000    10.000 r  clk (IN)
                         net (fo=0)                   0.000    10.000    clk
    W5                   IBUF (Prop_ibuf_I_O)         1.388    11.388 r  clk_IBUF_inst/O
                         net (fo=1, routed)           1.862    13.250    clk_IBUF
    BUFGCTRL_X0Y1        BUFG (Prop_bufg_I_O)         0.091    13.341 r  clk_IBUF_BUFG_inst/O
                         net (fo=71, routed)          1.435    14.776    clk_IBUF_BUFG
    SLICE_X35Y50         FDRE                                         r  div_reg[21]/C
                         clock pessimism              0.180    14.956    
                         clock uncertainty           -0.035    14.920    
    SLICE_X35Y50         FDRE (Setup_fdre_C_R)       -0.429    14.491    div_reg[21]
  -------------------------------------------------------------------
                         required time                         14.491    
                         arrival time                          -8.909    
  -------------------------------------------------------------------
                         slack                                  5.582    

Slack (MET) :             5.582ns  (required time - arrival time)
  Source:                 div_reg[5]/C
                            (rising edge-triggered cell FDRE clocked by sys_clk_pin  {rise@0.000ns fall@5.000ns period=10.000ns})
  Destination:            div_reg[22]/R
                            (rising edge-triggered cell FDRE clocked by sys_clk_pin  {rise@0.000ns fall@5.000ns period=10.000ns})
  Path Group:             sys_clk_pin
  Path Type:              Setup (Max at Slow Process Corner)
  Requirement:            10.000ns  (sys_clk_pin rise@10.000ns - sys_clk_pin rise@0.000ns)
  Data Path Delay:        3.824ns  (logic 0.828ns (21.652%)  route 2.996ns (78.348%))
  Logic Levels:           3  (LUT4=1 LUT5=2)
  Clock Path Skew:        -0.130ns (DCD - SCD + CPR)
    Destination Clock Delay (DCD):    4.776ns = ( 14.776 - 10.000 ) 
    Source Clock Delay      (SCD):    5.085ns
    Clock Pessimism Removal (CPR):    0.180ns
  Clock Uncertainty:      0.035ns  ((TSJ^2 + TIJ^2)^1/2 + DJ) / 2 + PE
    Total System Jitter     (TSJ):    0.071ns
    Total Input Jitter      (TIJ):    0.000ns
    Discrete Jitter          (DJ):    0.000ns
    Phase Error              (PE):    0.000ns

    Location             Delay type                Incr(ns)  Path(ns)    Netlist Resource(s)
  -------------------------------------------------------------------    -------------------
                         (clock sys_clk_pin rise edge)
                                                      0.000     0.000 r  
    W5                                                0.000     0.000 r  clk (IN)
                         net (fo=0)                   0.000     0.000    clk
    W5                   IBUF (Prop_ibuf_I_O)         1.458     1.458 r  clk_IBUF_inst/O
                         net (fo=1, routed)           1.967     3.425    clk_IBUF
    BUFGCTRL_X0Y1        BUFG (Prop_bufg_I_O)         0.096     3.521 r  clk_IBUF_BUFG_inst/O
                         net (fo=71, routed)          1.564     5.085    clk_IBUF_BUFG
    SLICE_X35Y46         FDRE                                         r  div_reg[5]/C
  -------------------------------------------------------------------    -------------------
    SLICE_X35Y46         FDRE (Prop_fdre_C_Q)         0.456     5.541 f  div_reg[5]/Q
                         net (fo=2, routed)           0.701     6.243    div_reg_n_0_[5]
    SLICE_X34Y46         LUT4 (Prop_lut4_I1_O)        0.124     6.367 f  div[0]_i_8/O
                         net (fo=1, routed)           0.495     6.862    div[0]_i_8_n_0
    SLICE_X34Y45         LUT5 (Prop_lut5_I4_O)        0.124     6.986 f  div[0]_i_4/O
                         net (fo=3, routed)           0.815     7.801    div[0]_i_4_n_0
    SLICE_X34Y46         LUT5 (Prop_lut5_I2_O)        0.124     7.925 r  div[32]_i_1/O
                         net (fo=32, routed)          0.984     8.909    new_clk__0
    SLICE_X35Y50         FDRE                                         r  div_reg[22]/R
  -------------------------------------------------------------------    -------------------

                         (clock sys_clk_pin rise edge)
                                                     10.000    10.000 r  
    W5                                                0.000    10.000 r  clk (IN)
                         net (fo=0)                   0.000    10.000    clk
    W5                   IBUF (Prop_ibuf_I_O)         1.388    11.388 r  clk_IBUF_inst/O
                         net (fo=1, routed)           1.862    13.250    clk_IBUF
    BUFGCTRL_X0Y1        BUFG (Prop_bufg_I_O)         0.091    13.341 r  clk_IBUF_BUFG_inst/O
                         net (fo=71, routed)          1.435    14.776    clk_IBUF_BUFG
    SLICE_X35Y50         FDRE                                         r  div_reg[22]/C
                         clock pessimism              0.180    14.956    
                         clock uncertainty           -0.035    14.920    
    SLICE_X35Y50         FDRE (Setup_fdre_C_R)       -0.429    14.491    div_reg[22]
  -------------------------------------------------------------------
                         required time                         14.491    
                         arrival time                          -8.909    
  -------------------------------------------------------------------
                         slack                                  5.582    

Slack (MET) :             5.582ns  (required time - arrival time)
  Source:                 div_reg[5]/C
                            (rising edge-triggered cell FDRE clocked by sys_clk_pin  {rise@0.000ns fall@5.000ns period=10.000ns})
  Destination:            div_reg[23]/R
                            (rising edge-triggered cell FDRE clocked by sys_clk_pin  {rise@0.000ns fall@5.000ns period=10.000ns})
  Path Group:             sys_clk_pin
  Path Type:              Setup (Max at Slow Process Corner)
  Requirement:            10.000ns  (sys_clk_pin rise@10.000ns - sys_clk_pin rise@0.000ns)
  Data Path Delay:        3.824ns  (logic 0.828ns (21.652%)  route 2.996ns (78.348%))
  Logic Levels:           3  (LUT4=1 LUT5=2)
  Clock Path Skew:        -0.130ns (DCD - SCD + CPR)
    Destination Clock Delay (DCD):    4.776ns = ( 14.776 - 10.000 ) 
    Source Clock Delay      (SCD):    5.085ns
    Clock Pessimism Removal (CPR):    0.180ns
  Clock Uncertainty:      0.035ns  ((TSJ^2 + TIJ^2)^1/2 + DJ) / 2 + PE
    Total System Jitter     (TSJ):    0.071ns
    Total Input Jitter      (TIJ):    0.000ns
    Discrete Jitter          (DJ):    0.000ns
    Phase Error              (PE):    0.000ns

    Location             Delay type                Incr(ns)  Path(ns)    Netlist Resource(s)
  -------------------------------------------------------------------    -------------------
                         (clock sys_clk_pin rise edge)
                                                      0.000     0.000 r  
    W5                                                0.000     0.000 r  clk (IN)
                         net (fo=0)                   0.000     0.000    clk
    W5                   IBUF (Prop_ibuf_I_O)         1.458     1.458 r  clk_IBUF_inst/O
                         net (fo=1, routed)           1.967     3.425    clk_IBUF
    BUFGCTRL_X0Y1        BUFG (Prop_bufg_I_O)         0.096     3.521 r  clk_IBUF_BUFG_inst/O
                         net (fo=71, routed)          1.564     5.085    clk_IBUF_BUFG
    SLICE_X35Y46         FDRE                                         r  div_reg[5]/C
  -------------------------------------------------------------------    -------------------
    SLICE_X35Y46         FDRE (Prop_fdre_C_Q)         0.456     5.541 f  div_reg[5]/Q
                         net (fo=2, routed)           0.701     6.243    div_reg_n_0_[5]
    SLICE_X34Y46         LUT4 (Prop_lut4_I1_O)        0.124     6.367 f  div[0]_i_8/O
                         net (fo=1, routed)           0.495     6.862    div[0]_i_8_n_0
    SLICE_X34Y45         LUT5 (Prop_lut5_I4_O)        0.124     6.986 f  div[0]_i_4/O
                         net (fo=3, routed)           0.815     7.801    div[0]_i_4_n_0
    SLICE_X34Y46         LUT5 (Prop_lut5_I2_O)        0.124     7.925 r  div[32]_i_1/O
                         net (fo=32, routed)          0.984     8.909    new_clk__0
    SLICE_X35Y50         FDRE                                         r  div_reg[23]/R
  -------------------------------------------------------------------    -------------------

                         (clock sys_clk_pin rise edge)
                                                     10.000    10.000 r  
    W5                                                0.000    10.000 r  clk (IN)
                         net (fo=0)                   0.000    10.000    clk
    W5                   IBUF (Prop_ibuf_I_O)         1.388    11.388 r  clk_IBUF_inst/O
                         net (fo=1, routed)           1.862    13.250    clk_IBUF
    BUFGCTRL_X0Y1        BUFG (Prop_bufg_I_O)         0.091    13.341 r  clk_IBUF_BUFG_inst/O
                         net (fo=71, routed)          1.435    14.776    clk_IBUF_BUFG
    SLICE_X35Y50         FDRE                                         r  div_reg[23]/C
                         clock pessimism              0.180    14.956    
                         clock uncertainty           -0.035    14.920    
    SLICE_X35Y50         FDRE (Setup_fdre_C_R)       -0.429    14.491    div_reg[23]
  -------------------------------------------------------------------
                         required time                         14.491    
                         arrival time                          -8.909    
  -------------------------------------------------------------------
                         slack                                  5.582    

Slack (MET) :             5.582ns  (required time - arrival time)
  Source:                 div_reg[5]/C
                            (rising edge-triggered cell FDRE clocked by sys_clk_pin  {rise@0.000ns fall@5.000ns period=10.000ns})
  Destination:            div_reg[24]/R
                            (rising edge-triggered cell FDRE clocked by sys_clk_pin  {rise@0.000ns fall@5.000ns period=10.000ns})
  Path Group:             sys_clk_pin
  Path Type:              Setup (Max at Slow Process Corner)
  Requirement:            10.000ns  (sys_clk_pin rise@10.000ns - sys_clk_pin rise@0.000ns)
  Data Path Delay:        3.824ns  (logic 0.828ns (21.652%)  route 2.996ns (78.348%))
  Logic Levels:           3  (LUT4=1 LUT5=2)
  Clock Path Skew:        -0.130ns (DCD - SCD + CPR)
    Destination Clock Delay (DCD):    4.776ns = ( 14.776 - 10.000 ) 
    Source Clock Delay      (SCD):    5.085ns
    Clock Pessimism Removal (CPR):    0.180ns
  Clock Uncertainty:      0.035ns  ((TSJ^2 + TIJ^2)^1/2 + DJ) / 2 + PE
    Total System Jitter     (TSJ):    0.071ns
    Total Input Jitter      (TIJ):    0.000ns
    Discrete Jitter          (DJ):    0.000ns
    Phase Error              (PE):    0.000ns

    Location             Delay type                Incr(ns)  Path(ns)    Netlist Resource(s)
  -------------------------------------------------------------------    -------------------
                         (clock sys_clk_pin rise edge)
                                                      0.000     0.000 r  
    W5                                                0.000     0.000 r  clk (IN)
                         net (fo=0)                   0.000     0.000    clk
    W5                   IBUF (Prop_ibuf_I_O)         1.458     1.458 r  clk_IBUF_inst/O
                         net (fo=1, routed)           1.967     3.425    clk_IBUF
    BUFGCTRL_X0Y1        BUFG (Prop_bufg_I_O)         0.096     3.521 r  clk_IBUF_BUFG_inst/O
                         net (fo=71, routed)          1.564     5.085    clk_IBUF_BUFG
    SLICE_X35Y46         FDRE                                         r  div_reg[5]/C
  -------------------------------------------------------------------    -------------------
    SLICE_X35Y46         FDRE (Prop_fdre_C_Q)         0.456     5.541 f  div_reg[5]/Q
                         net (fo=2, routed)           0.701     6.243    div_reg_n_0_[5]
    SLICE_X34Y46         LUT4 (Prop_lut4_I1_O)        0.124     6.367 f  div[0]_i_8/O
                         net (fo=1, routed)           0.495     6.862    div[0]_i_8_n_0
    SLICE_X34Y45         LUT5 (Prop_lut5_I4_O)        0.124     6.986 f  div[0]_i_4/O
                         net (fo=3, routed)           0.815     7.801    div[0]_i_4_n_0
    SLICE_X34Y46         LUT5 (Prop_lut5_I2_O)        0.124     7.925 r  div[32]_i_1/O
                         net (fo=32, routed)          0.984     8.909    new_clk__0
    SLICE_X35Y50         FDRE                                         r  div_reg[24]/R
  -------------------------------------------------------------------    -------------------

                         (clock sys_clk_pin rise edge)
                                                     10.000    10.000 r  
    W5                                                0.000    10.000 r  clk (IN)
                         net (fo=0)                   0.000    10.000    clk
    W5                   IBUF (Prop_ibuf_I_O)         1.388    11.388 r  clk_IBUF_inst/O
                         net (fo=1, routed)           1.862    13.250    clk_IBUF
    BUFGCTRL_X0Y1        BUFG (Prop_bufg_I_O)         0.091    13.341 r  clk_IBUF_BUFG_inst/O
                         net (fo=71, routed)          1.435    14.776    clk_IBUF_BUFG
    SLICE_X35Y50         FDRE                                         r  div_reg[24]/C
                         clock pessimism              0.180    14.956    
                         clock uncertainty           -0.035    14.920    
    SLICE_X35Y50         FDRE (Setup_fdre_C_R)       -0.429    14.491    div_reg[24]
  -------------------------------------------------------------------
                         required time                         14.491    
                         arrival time                          -8.909    
  -------------------------------------------------------------------
                         slack                                  5.582    

Slack (MET) :             5.739ns  (required time - arrival time)
  Source:                 div_reg[5]/C
                            (rising edge-triggered cell FDRE clocked by sys_clk_pin  {rise@0.000ns fall@5.000ns period=10.000ns})
  Destination:            div_reg[25]/R
                            (rising edge-triggered cell FDRE clocked by sys_clk_pin  {rise@0.000ns fall@5.000ns period=10.000ns})
  Path Group:             sys_clk_pin
  Path Type:              Setup (Max at Slow Process Corner)
  Requirement:            10.000ns  (sys_clk_pin rise@10.000ns - sys_clk_pin rise@0.000ns)
  Data Path Delay:        3.667ns  (logic 0.828ns (22.582%)  route 2.839ns (77.418%))
  Logic Levels:           3  (LUT4=1 LUT5=2)
  Clock Path Skew:        -0.130ns (DCD - SCD + CPR)
    Destination Clock Delay (DCD):    4.776ns = ( 14.776 - 10.000 ) 
    Source Clock Delay      (SCD):    5.085ns
    Clock Pessimism Removal (CPR):    0.180ns
  Clock Uncertainty:      0.035ns  ((TSJ^2 + TIJ^2)^1/2 + DJ) / 2 + PE
    Total System Jitter     (TSJ):    0.071ns
    Total Input Jitter      (TIJ):    0.000ns
    Discrete Jitter          (DJ):    0.000ns
    Phase Error              (PE):    0.000ns

    Location             Delay type                Incr(ns)  Path(ns)    Netlist Resource(s)
  -------------------------------------------------------------------    -------------------
                         (clock sys_clk_pin rise edge)
                                                      0.000     0.000 r  
    W5                                                0.000     0.000 r  clk (IN)
                         net (fo=0)                   0.000     0.000    clk
    W5                   IBUF (Prop_ibuf_I_O)         1.458     1.458 r  clk_IBUF_inst/O
                         net (fo=1, routed)           1.967     3.425    clk_IBUF
    BUFGCTRL_X0Y1        BUFG (Prop_bufg_I_O)         0.096     3.521 r  clk_IBUF_BUFG_inst/O
                         net (fo=71, routed)          1.564     5.085    clk_IBUF_BUFG
    SLICE_X35Y46         FDRE                                         r  div_reg[5]/C
  -------------------------------------------------------------------    -------------------
    SLICE_X35Y46         FDRE (Prop_fdre_C_Q)         0.456     5.541 f  div_reg[5]/Q
                         net (fo=2, routed)           0.701     6.243    div_reg_n_0_[5]
    SLICE_X34Y46         LUT4 (Prop_lut4_I1_O)        0.124     6.367 f  div[0]_i_8/O
                         net (fo=1, routed)           0.495     6.862    div[0]_i_8_n_0
    SLICE_X34Y45         LUT5 (Prop_lut5_I4_O)        0.124     6.986 f  div[0]_i_4/O
                         net (fo=3, routed)           0.815     7.801    div[0]_i_4_n_0
    SLICE_X34Y46         LUT5 (Prop_lut5_I2_O)        0.124     7.925 r  div[32]_i_1/O
                         net (fo=32, routed)          0.827     8.752    new_clk__0
    SLICE_X35Y51         FDRE                                         r  div_reg[25]/R
  -------------------------------------------------------------------    -------------------

                         (clock sys_clk_pin rise edge)
                                                     10.000    10.000 r  
    W5                                                0.000    10.000 r  clk (IN)
                         net (fo=0)                   0.000    10.000    clk
    W5                   IBUF (Prop_ibuf_I_O)         1.388    11.388 r  clk_IBUF_inst/O
                         net (fo=1, routed)           1.862    13.250    clk_IBUF
    BUFGCTRL_X0Y1        BUFG (Prop_bufg_I_O)         0.091    13.341 r  clk_IBUF_BUFG_inst/O
                         net (fo=71, routed)          1.435    14.776    clk_IBUF_BUFG
    SLICE_X35Y51         FDRE                                         r  div_reg[25]/C
                         clock pessimism              0.180    14.956    
                         clock uncertainty           -0.035    14.920    
    SLICE_X35Y51         FDRE (Setup_fdre_C_R)       -0.429    14.491    div_reg[25]
  -------------------------------------------------------------------
                         required time                         14.491    
                         arrival time                          -8.752    
  -------------------------------------------------------------------
                         slack                                  5.739    

Slack (MET) :             5.739ns  (required time - arrival time)
  Source:                 div_reg[5]/C
                            (rising edge-triggered cell FDRE clocked by sys_clk_pin  {rise@0.000ns fall@5.000ns period=10.000ns})
  Destination:            div_reg[26]/R
                            (rising edge-triggered cell FDRE clocked by sys_clk_pin  {rise@0.000ns fall@5.000ns period=10.000ns})
  Path Group:             sys_clk_pin
  Path Type:              Setup (Max at Slow Process Corner)
  Requirement:            10.000ns  (sys_clk_pin rise@10.000ns - sys_clk_pin rise@0.000ns)
  Data Path Delay:        3.667ns  (logic 0.828ns (22.582%)  route 2.839ns (77.418%))
  Logic Levels:           3  (LUT4=1 LUT5=2)
  Clock Path Skew:        -0.130ns (DCD - SCD + CPR)
    Destination Clock Delay (DCD):    4.776ns = ( 14.776 - 10.000 ) 
    Source Clock Delay      (SCD):    5.085ns
    Clock Pessimism Removal (CPR):    0.180ns
  Clock Uncertainty:      0.035ns  ((TSJ^2 + TIJ^2)^1/2 + DJ) / 2 + PE
    Total System Jitter     (TSJ):    0.071ns
    Total Input Jitter      (TIJ):    0.000ns
    Discrete Jitter          (DJ):    0.000ns
    Phase Error              (PE):    0.000ns

    Location             Delay type                Incr(ns)  Path(ns)    Netlist Resource(s)
  -------------------------------------------------------------------    -------------------
                         (clock sys_clk_pin rise edge)
                                                      0.000     0.000 r  
    W5                                                0.000     0.000 r  clk (IN)
                         net (fo=0)                   0.000     0.000    clk
    W5                   IBUF (Prop_ibuf_I_O)         1.458     1.458 r  clk_IBUF_inst/O
                         net (fo=1, routed)           1.967     3.425    clk_IBUF
    BUFGCTRL_X0Y1        BUFG (Prop_bufg_I_O)         0.096     3.521 r  clk_IBUF_BUFG_inst/O
                         net (fo=71, routed)          1.564     5.085    clk_IBUF_BUFG
    SLICE_X35Y46         FDRE                                         r  div_reg[5]/C
  -------------------------------------------------------------------    -------------------
    SLICE_X35Y46         FDRE (Prop_fdre_C_Q)         0.456     5.541 f  div_reg[5]/Q
                         net (fo=2, routed)           0.701     6.243    div_reg_n_0_[5]
    SLICE_X34Y46         LUT4 (Prop_lut4_I1_O)        0.124     6.367 f  div[0]_i_8/O
                         net (fo=1, routed)           0.495     6.862    div[0]_i_8_n_0
    SLICE_X34Y45         LUT5 (Prop_lut5_I4_O)        0.124     6.986 f  div[0]_i_4/O
                         net (fo=3, routed)           0.815     7.801    div[0]_i_4_n_0
    SLICE_X34Y46         LUT5 (Prop_lut5_I2_O)        0.124     7.925 r  div[32]_i_1/O
                         net (fo=32, routed)          0.827     8.752    new_clk__0
    SLICE_X35Y51         FDRE                                         r  div_reg[26]/R
  -------------------------------------------------------------------    -------------------

                         (clock sys_clk_pin rise edge)
                                                     10.000    10.000 r  
    W5                                                0.000    10.000 r  clk (IN)
                         net (fo=0)                   0.000    10.000    clk
    W5                   IBUF (Prop_ibuf_I_O)         1.388    11.388 r  clk_IBUF_inst/O
                         net (fo=1, routed)           1.862    13.250    clk_IBUF
    BUFGCTRL_X0Y1        BUFG (Prop_bufg_I_O)         0.091    13.341 r  clk_IBUF_BUFG_inst/O
                         net (fo=71, routed)          1.435    14.776    clk_IBUF_BUFG
    SLICE_X35Y51         FDRE                                         r  div_reg[26]/C
                         clock pessimism              0.180    14.956    
                         clock uncertainty           -0.035    14.920    
    SLICE_X35Y51         FDRE (Setup_fdre_C_R)       -0.429    14.491    div_reg[26]
  -------------------------------------------------------------------
                         required time                         14.491    
                         arrival time                          -8.752    
  -------------------------------------------------------------------
                         slack                                  5.739    

Slack (MET) :             5.739ns  (required time - arrival time)
  Source:                 div_reg[5]/C
                            (rising edge-triggered cell FDRE clocked by sys_clk_pin  {rise@0.000ns fall@5.000ns period=10.000ns})
  Destination:            div_reg[27]/R
                            (rising edge-triggered cell FDRE clocked by sys_clk_pin  {rise@0.000ns fall@5.000ns period=10.000ns})
  Path Group:             sys_clk_pin
  Path Type:              Setup (Max at Slow Process Corner)
  Requirement:            10.000ns  (sys_clk_pin rise@10.000ns - sys_clk_pin rise@0.000ns)
  Data Path Delay:        3.667ns  (logic 0.828ns (22.582%)  route 2.839ns (77.418%))
  Logic Levels:           3  (LUT4=1 LUT5=2)
  Clock Path Skew:        -0.130ns (DCD - SCD + CPR)
    Destination Clock Delay (DCD):    4.776ns = ( 14.776 - 10.000 ) 
    Source Clock Delay      (SCD):    5.085ns
    Clock Pessimism Removal (CPR):    0.180ns
  Clock Uncertainty:      0.035ns  ((TSJ^2 + TIJ^2)^1/2 + DJ) / 2 + PE
    Total System Jitter     (TSJ):    0.071ns
    Total Input Jitter      (TIJ):    0.000ns
    Discrete Jitter          (DJ):    0.000ns
    Phase Error              (PE):    0.000ns

    Location             Delay type                Incr(ns)  Path(ns)    Netlist Resource(s)
  -------------------------------------------------------------------    -------------------
                         (clock sys_clk_pin rise edge)
                                                      0.000     0.000 r  
    W5                                                0.000     0.000 r  clk (IN)
                         net (fo=0)                   0.000     0.000    clk
    W5                   IBUF (Prop_ibuf_I_O)         1.458     1.458 r  clk_IBUF_inst/O
                         net (fo=1, routed)           1.967     3.425    clk_IBUF
    BUFGCTRL_X0Y1        BUFG (Prop_bufg_I_O)         0.096     3.521 r  clk_IBUF_BUFG_inst/O
                         net (fo=71, routed)          1.564     5.085    clk_IBUF_BUFG
    SLICE_X35Y46         FDRE                                         r  div_reg[5]/C
  -------------------------------------------------------------------    -------------------
    SLICE_X35Y46         FDRE (Prop_fdre_C_Q)         0.456     5.541 f  div_reg[5]/Q
                         net (fo=2, routed)           0.701     6.243    div_reg_n_0_[5]
    SLICE_X34Y46         LUT4 (Prop_lut4_I1_O)        0.124     6.367 f  div[0]_i_8/O
                         net (fo=1, routed)           0.495     6.862    div[0]_i_8_n_0
    SLICE_X34Y45         LUT5 (Prop_lut5_I4_O)        0.124     6.986 f  div[0]_i_4/O
                         net (fo=3, routed)           0.815     7.801    div[0]_i_4_n_0
    SLICE_X34Y46         LUT5 (Prop_lut5_I2_O)        0.124     7.925 r  div[32]_i_1/O
                         net (fo=32, routed)          0.827     8.752    new_clk__0
    SLICE_X35Y51         FDRE                                         r  div_reg[27]/R
  -------------------------------------------------------------------    -------------------

                         (clock sys_clk_pin rise edge)
                                                     10.000    10.000 r  
    W5                                                0.000    10.000 r  clk (IN)
                         net (fo=0)                   0.000    10.000    clk
    W5                   IBUF (Prop_ibuf_I_O)         1.388    11.388 r  clk_IBUF_inst/O
                         net (fo=1, routed)           1.862    13.250    clk_IBUF
    BUFGCTRL_X0Y1        BUFG (Prop_bufg_I_O)         0.091    13.341 r  clk_IBUF_BUFG_inst/O
                         net (fo=71, routed)          1.435    14.776    clk_IBUF_BUFG
    SLICE_X35Y51         FDRE                                         r  div_reg[27]/C
                         clock pessimism              0.180    14.956    
                         clock uncertainty           -0.035    14.920    
    SLICE_X35Y51         FDRE (Setup_fdre_C_R)       -0.429    14.491    div_reg[27]
  -------------------------------------------------------------------
                         required time                         14.491    
                         arrival time                          -8.752    
  -------------------------------------------------------------------
                         slack                                  5.739    

Slack (MET) :             5.739ns  (required time - arrival time)
  Source:                 div_reg[5]/C
                            (rising edge-triggered cell FDRE clocked by sys_clk_pin  {rise@0.000ns fall@5.000ns period=10.000ns})
  Destination:            div_reg[28]/R
                            (rising edge-triggered cell FDRE clocked by sys_clk_pin  {rise@0.000ns fall@5.000ns period=10.000ns})
  Path Group:             sys_clk_pin
  Path Type:              Setup (Max at Slow Process Corner)
  Requirement:            10.000ns  (sys_clk_pin rise@10.000ns - sys_clk_pin rise@0.000ns)
  Data Path Delay:        3.667ns  (logic 0.828ns (22.582%)  route 2.839ns (77.418%))
  Logic Levels:           3  (LUT4=1 LUT5=2)
  Clock Path Skew:        -0.130ns (DCD - SCD + CPR)
    Destination Clock Delay (DCD):    4.776ns = ( 14.776 - 10.000 ) 
    Source Clock Delay      (SCD):    5.085ns
    Clock Pessimism Removal (CPR):    0.180ns
  Clock Uncertainty:      0.035ns  ((TSJ^2 + TIJ^2)^1/2 + DJ) / 2 + PE
    Total System Jitter     (TSJ):    0.071ns
    Total Input Jitter      (TIJ):    0.000ns
    Discrete Jitter          (DJ):    0.000ns
    Phase Error              (PE):    0.000ns

    Location             Delay type                Incr(ns)  Path(ns)    Netlist Resource(s)
  -------------------------------------------------------------------    -------------------
                         (clock sys_clk_pin rise edge)
                                                      0.000     0.000 r  
    W5                                                0.000     0.000 r  clk (IN)
                         net (fo=0)                   0.000     0.000    clk
    W5                   IBUF (Prop_ibuf_I_O)         1.458     1.458 r  clk_IBUF_inst/O
                         net (fo=1, routed)           1.967     3.425    clk_IBUF
    BUFGCTRL_X0Y1        BUFG (Prop_bufg_I_O)         0.096     3.521 r  clk_IBUF_BUFG_inst/O
                         net (fo=71, routed)          1.564     5.085    clk_IBUF_BUFG
    SLICE_X35Y46         FDRE                                         r  div_reg[5]/C
  -------------------------------------------------------------------    -------------------
    SLICE_X35Y46         FDRE (Prop_fdre_C_Q)         0.456     5.541 f  div_reg[5]/Q
                         net (fo=2, routed)           0.701     6.243    div_reg_n_0_[5]
    SLICE_X34Y46         LUT4 (Prop_lut4_I1_O)        0.124     6.367 f  div[0]_i_8/O
                         net (fo=1, routed)           0.495     6.862    div[0]_i_8_n_0
    SLICE_X34Y45         LUT5 (Prop_lut5_I4_O)        0.124     6.986 f  div[0]_i_4/O
                         net (fo=3, routed)           0.815     7.801    div[0]_i_4_n_0
    SLICE_X34Y46         LUT5 (Prop_lut5_I2_O)        0.124     7.925 r  div[32]_i_1/O
                         net (fo=32, routed)          0.827     8.752    new_clk__0
    SLICE_X35Y51         FDRE                                         r  div_reg[28]/R
  -------------------------------------------------------------------    -------------------

                         (clock sys_clk_pin rise edge)
                                                     10.000    10.000 r  
    W5                                                0.000    10.000 r  clk (IN)
                         net (fo=0)                   0.000    10.000    clk
    W5                   IBUF (Prop_ibuf_I_O)         1.388    11.388 r  clk_IBUF_inst/O
                         net (fo=1, routed)           1.862    13.250    clk_IBUF
    BUFGCTRL_X0Y1        BUFG (Prop_bufg_I_O)         0.091    13.341 r  clk_IBUF_BUFG_inst/O
                         net (fo=71, routed)          1.435    14.776    clk_IBUF_BUFG
    SLICE_X35Y51         FDRE                                         r  div_reg[28]/C
                         clock pessimism              0.180    14.956    
                         clock uncertainty           -0.035    14.920    
    SLICE_X35Y51         FDRE (Setup_fdre_C_R)       -0.429    14.491    div_reg[28]
  -------------------------------------------------------------------
                         required time                         14.491    
                         arrival time                          -8.752    
  -------------------------------------------------------------------
                         slack                                  5.739    

Slack (MET) :             5.871ns  (required time - arrival time)
  Source:                 div_reg[32]/C
                            (rising edge-triggered cell FDRE clocked by sys_clk_pin  {rise@0.000ns fall@5.000ns period=10.000ns})
  Destination:            div_reg[17]/R
                            (rising edge-triggered cell FDRE clocked by sys_clk_pin  {rise@0.000ns fall@5.000ns period=10.000ns})
  Path Group:             sys_clk_pin
  Path Type:              Setup (Max at Slow Process Corner)
  Requirement:            10.000ns  (sys_clk_pin rise@10.000ns - sys_clk_pin rise@0.000ns)
  Data Path Delay:        3.557ns  (logic 0.828ns (23.277%)  route 2.729ns (76.723%))
  Logic Levels:           3  (LUT4=1 LUT5=2)
  Clock Path Skew:        -0.108ns (DCD - SCD + CPR)
    Destination Clock Delay (DCD):    4.786ns = ( 14.786 - 10.000 ) 
    Source Clock Delay      (SCD):    5.074ns
    Clock Pessimism Removal (CPR):    0.180ns
  Clock Uncertainty:      0.035ns  ((TSJ^2 + TIJ^2)^1/2 + DJ) / 2 + PE
    Total System Jitter     (TSJ):    0.071ns
    Total Input Jitter      (TIJ):    0.000ns
    Discrete Jitter          (DJ):    0.000ns
    Phase Error              (PE):    0.000ns

    Location             Delay type                Incr(ns)  Path(ns)    Netlist Resource(s)
  -------------------------------------------------------------------    -------------------
                         (clock sys_clk_pin rise edge)
                                                      0.000     0.000 r  
    W5                                                0.000     0.000 r  clk (IN)
                         net (fo=0)                   0.000     0.000    clk
    W5                   IBUF (Prop_ibuf_I_O)         1.458     1.458 r  clk_IBUF_inst/O
                         net (fo=1, routed)           1.967     3.425    clk_IBUF
    BUFGCTRL_X0Y1        BUFG (Prop_bufg_I_O)         0.096     3.521 r  clk_IBUF_BUFG_inst/O
                         net (fo=71, routed)          1.553     5.074    clk_IBUF_BUFG
    SLICE_X35Y52         FDRE                                         r  div_reg[32]/C
  -------------------------------------------------------------------    -------------------
    SLICE_X35Y52         FDRE (Prop_fdre_C_Q)         0.456     5.530 f  div_reg[32]/Q
                         net (fo=2, routed)           0.692     6.222    div_reg_n_0_[32]
    SLICE_X34Y52         LUT4 (Prop_lut4_I2_O)        0.124     6.346 f  div[0]_i_7/O
                         net (fo=1, routed)           0.307     6.654    div[0]_i_7_n_0
    SLICE_X34Y51         LUT5 (Prop_lut5_I4_O)        0.124     6.778 f  div[0]_i_3/O
                         net (fo=3, routed)           1.037     7.815    div[0]_i_3_n_0
    SLICE_X34Y46         LUT5 (Prop_lut5_I3_O)        0.124     7.939 r  div[32]_i_1/O
                         net (fo=32, routed)          0.693     8.631    new_clk__0
    SLICE_X35Y49         FDRE                                         r  div_reg[17]/R
  -------------------------------------------------------------------    -------------------

                         (clock sys_clk_pin rise edge)
                                                     10.000    10.000 r  
    W5                                                0.000    10.000 r  clk (IN)
                         net (fo=0)                   0.000    10.000    clk
    W5                   IBUF (Prop_ibuf_I_O)         1.388    11.388 r  clk_IBUF_inst/O
                         net (fo=1, routed)           1.862    13.250    clk_IBUF
    BUFGCTRL_X0Y1        BUFG (Prop_bufg_I_O)         0.091    13.341 r  clk_IBUF_BUFG_inst/O
                         net (fo=71, routed)          1.445    14.786    clk_IBUF_BUFG
    SLICE_X35Y49         FDRE                                         r  div_reg[17]/C
                         clock pessimism              0.180    14.966    
                         clock uncertainty           -0.035    14.931    
    SLICE_X35Y49         FDRE (Setup_fdre_C_R)       -0.429    14.502    div_reg[17]
  -------------------------------------------------------------------
                         required time                         14.502    
                         arrival time                          -8.631    
  -------------------------------------------------------------------
                         slack                                  5.871    

Slack (MET) :             5.871ns  (required time - arrival time)
  Source:                 div_reg[32]/C
                            (rising edge-triggered cell FDRE clocked by sys_clk_pin  {rise@0.000ns fall@5.000ns period=10.000ns})
  Destination:            div_reg[18]/R
                            (rising edge-triggered cell FDRE clocked by sys_clk_pin  {rise@0.000ns fall@5.000ns period=10.000ns})
  Path Group:             sys_clk_pin
  Path Type:              Setup (Max at Slow Process Corner)
  Requirement:            10.000ns  (sys_clk_pin rise@10.000ns - sys_clk_pin rise@0.000ns)
  Data Path Delay:        3.557ns  (logic 0.828ns (23.277%)  route 2.729ns (76.723%))
  Logic Levels:           3  (LUT4=1 LUT5=2)
  Clock Path Skew:        -0.108ns (DCD - SCD + CPR)
    Destination Clock Delay (DCD):    4.786ns = ( 14.786 - 10.000 ) 
    Source Clock Delay      (SCD):    5.074ns
    Clock Pessimism Removal (CPR):    0.180ns
  Clock Uncertainty:      0.035ns  ((TSJ^2 + TIJ^2)^1/2 + DJ) / 2 + PE
    Total System Jitter     (TSJ):    0.071ns
    Total Input Jitter      (TIJ):    0.000ns
    Discrete Jitter          (DJ):    0.000ns
    Phase Error              (PE):    0.000ns

    Location             Delay type                Incr(ns)  Path(ns)    Netlist Resource(s)
  -------------------------------------------------------------------    -------------------
                         (clock sys_clk_pin rise edge)
                                                      0.000     0.000 r  
    W5                                                0.000     0.000 r  clk (IN)
                         net (fo=0)                   0.000     0.000    clk
    W5                   IBUF (Prop_ibuf_I_O)         1.458     1.458 r  clk_IBUF_inst/O
                         net (fo=1, routed)           1.967     3.425    clk_IBUF
    BUFGCTRL_X0Y1        BUFG (Prop_bufg_I_O)         0.096     3.521 r  clk_IBUF_BUFG_inst/O
                         net (fo=71, routed)          1.553     5.074    clk_IBUF_BUFG
    SLICE_X35Y52         FDRE                                         r  div_reg[32]/C
  -------------------------------------------------------------------    -------------------
    SLICE_X35Y52         FDRE (Prop_fdre_C_Q)         0.456     5.530 f  div_reg[32]/Q
                         net (fo=2, routed)           0.692     6.222    div_reg_n_0_[32]
    SLICE_X34Y52         LUT4 (Prop_lut4_I2_O)        0.124     6.346 f  div[0]_i_7/O
                         net (fo=1, routed)           0.307     6.654    div[0]_i_7_n_0
    SLICE_X34Y51         LUT5 (Prop_lut5_I4_O)        0.124     6.778 f  div[0]_i_3/O
                         net (fo=3, routed)           1.037     7.815    div[0]_i_3_n_0
    SLICE_X34Y46         LUT5 (Prop_lut5_I3_O)        0.124     7.939 r  div[32]_i_1/O
                         net (fo=32, routed)          0.693     8.631    new_clk__0
    SLICE_X35Y49         FDRE                                         r  div_reg[18]/R
  -------------------------------------------------------------------    -------------------

                         (clock sys_clk_pin rise edge)
                                                     10.000    10.000 r  
    W5                                                0.000    10.000 r  clk (IN)
                         net (fo=0)                   0.000    10.000    clk
    W5                   IBUF (Prop_ibuf_I_O)         1.388    11.388 r  clk_IBUF_inst/O
                         net (fo=1, routed)           1.862    13.250    clk_IBUF
    BUFGCTRL_X0Y1        BUFG (Prop_bufg_I_O)         0.091    13.341 r  clk_IBUF_BUFG_inst/O
                         net (fo=71, routed)          1.445    14.786    clk_IBUF_BUFG
    SLICE_X35Y49         FDRE                                         r  div_reg[18]/C
                         clock pessimism              0.180    14.966    
                         clock uncertainty           -0.035    14.931    
    SLICE_X35Y49         FDRE (Setup_fdre_C_R)       -0.429    14.502    div_reg[18]
  -------------------------------------------------------------------
                         required time                         14.502    
                         arrival time                          -8.631    
  -------------------------------------------------------------------
                         slack                                  5.871    





Min Delay Paths
--------------------------------------------------------------------------------------
Slack (MET) :             0.103ns  (arrival time - required time)
  Source:                 div_reg[20]/C
                            (rising edge-triggered cell FDRE clocked by sys_clk_pin  {rise@0.000ns fall@5.000ns period=10.000ns})
  Destination:            div_reg[21]/D
                            (rising edge-triggered cell FDRE clocked by sys_clk_pin  {rise@0.000ns fall@5.000ns period=10.000ns})
  Path Group:             sys_clk_pin
  Path Type:              Hold (Min at Fast Process Corner)
  Requirement:            0.000ns  (sys_clk_pin rise@0.000ns - sys_clk_pin rise@0.000ns)
  Data Path Delay:        0.475ns  (logic 0.355ns (74.742%)  route 0.120ns (25.258%))
  Logic Levels:           2  (CARRY4=2)
  Clock Path Skew:        0.267ns (DCD - SCD - CPR)
    Destination Clock Delay (DCD):    1.957ns
    Source Clock Delay      (SCD):    1.446ns
    Clock Pessimism Removal (CPR):    0.244ns

    Location             Delay type                Incr(ns)  Path(ns)    Netlist Resource(s)
  -------------------------------------------------------------------    -------------------
                         (clock sys_clk_pin rise edge)
                                                      0.000     0.000 r  
    W5                                                0.000     0.000 r  clk (IN)
                         net (fo=0)                   0.000     0.000    clk
    W5                   IBUF (Prop_ibuf_I_O)         0.226     0.226 r  clk_IBUF_inst/O
                         net (fo=1, routed)           0.631     0.858    clk_IBUF
    BUFGCTRL_X0Y1        BUFG (Prop_bufg_I_O)         0.026     0.884 r  clk_IBUF_BUFG_inst/O
                         net (fo=71, routed)          0.563     1.446    clk_IBUF_BUFG
    SLICE_X35Y49         FDRE                                         r  div_reg[20]/C
  -------------------------------------------------------------------    -------------------
    SLICE_X35Y49         FDRE (Prop_fdre_C_Q)         0.141     1.587 r  div_reg[20]/Q
                         net (fo=2, routed)           0.119     1.706    div_reg_n_0_[20]
    SLICE_X35Y49         CARRY4 (Prop_carry4_S[3]_CO[3])
                                                      0.160     1.866 r  div_reg[20]_i_1/CO[3]
                         net (fo=1, routed)           0.001     1.867    div_reg[20]_i_1_n_0
    SLICE_X35Y50         CARRY4 (Prop_carry4_CI_O[0])
                                                      0.054     1.921 r  div_reg[24]_i_1/O[0]
                         net (fo=1, routed)           0.000     1.921    data0[21]
    SLICE_X35Y50         FDRE                                         r  div_reg[21]/D
  -------------------------------------------------------------------    -------------------

                         (clock sys_clk_pin rise edge)
                                                      0.000     0.000 r  
    W5                                                0.000     0.000 r  clk (IN)
                         net (fo=0)                   0.000     0.000    clk
    W5                   IBUF (Prop_ibuf_I_O)         0.414     0.414 r  clk_IBUF_inst/O
                         net (fo=1, routed)           0.685     1.099    clk_IBUF
    BUFGCTRL_X0Y1        BUFG (Prop_bufg_I_O)         0.029     1.128 r  clk_IBUF_BUFG_inst/O
                         net (fo=71, routed)          0.829     1.957    clk_IBUF_BUFG
    SLICE_X35Y50         FDRE                                         r  div_reg[21]/C
                         clock pessimism             -0.244     1.713    
    SLICE_X35Y50         FDRE (Hold_fdre_C_D)         0.105     1.818    div_reg[21]
  -------------------------------------------------------------------
                         required time                         -1.818    
                         arrival time                           1.921    
  -------------------------------------------------------------------
                         slack                                  0.103    

Slack (MET) :             0.114ns  (arrival time - required time)
  Source:                 div_reg[20]/C
                            (rising edge-triggered cell FDRE clocked by sys_clk_pin  {rise@0.000ns fall@5.000ns period=10.000ns})
  Destination:            div_reg[23]/D
                            (rising edge-triggered cell FDRE clocked by sys_clk_pin  {rise@0.000ns fall@5.000ns period=10.000ns})
  Path Group:             sys_clk_pin
  Path Type:              Hold (Min at Fast Process Corner)
  Requirement:            0.000ns  (sys_clk_pin rise@0.000ns - sys_clk_pin rise@0.000ns)
  Data Path Delay:        0.486ns  (logic 0.366ns (75.313%)  route 0.120ns (24.687%))
  Logic Levels:           2  (CARRY4=2)
  Clock Path Skew:        0.267ns (DCD - SCD - CPR)
    Destination Clock Delay (DCD):    1.957ns
    Source Clock Delay      (SCD):    1.446ns
    Clock Pessimism Removal (CPR):    0.244ns

    Location             Delay type                Incr(ns)  Path(ns)    Netlist Resource(s)
  -------------------------------------------------------------------    -------------------
                         (clock sys_clk_pin rise edge)
                                                      0.000     0.000 r  
    W5                                                0.000     0.000 r  clk (IN)
                         net (fo=0)                   0.000     0.000    clk
    W5                   IBUF (Prop_ibuf_I_O)         0.226     0.226 r  clk_IBUF_inst/O
                         net (fo=1, routed)           0.631     0.858    clk_IBUF
    BUFGCTRL_X0Y1        BUFG (Prop_bufg_I_O)         0.026     0.884 r  clk_IBUF_BUFG_inst/O
                         net (fo=71, routed)          0.563     1.446    clk_IBUF_BUFG
    SLICE_X35Y49         FDRE                                         r  div_reg[20]/C
  -------------------------------------------------------------------    -------------------
    SLICE_X35Y49         FDRE (Prop_fdre_C_Q)         0.141     1.587 r  div_reg[20]/Q
                         net (fo=2, routed)           0.119     1.706    div_reg_n_0_[20]
    SLICE_X35Y49         CARRY4 (Prop_carry4_S[3]_CO[3])
                                                      0.160     1.866 r  div_reg[20]_i_1/CO[3]
                         net (fo=1, routed)           0.001     1.867    div_reg[20]_i_1_n_0
    SLICE_X35Y50         CARRY4 (Prop_carry4_CI_O[2])
                                                      0.065     1.932 r  div_reg[24]_i_1/O[2]
                         net (fo=1, routed)           0.000     1.932    data0[23]
    SLICE_X35Y50         FDRE                                         r  div_reg[23]/D
  -------------------------------------------------------------------    -------------------

                         (clock sys_clk_pin rise edge)
                                                      0.000     0.000 r  
    W5                                                0.000     0.000 r  clk (IN)
                         net (fo=0)                   0.000     0.000    clk
    W5                   IBUF (Prop_ibuf_I_O)         0.414     0.414 r  clk_IBUF_inst/O
                         net (fo=1, routed)           0.685     1.099    clk_IBUF
    BUFGCTRL_X0Y1        BUFG (Prop_bufg_I_O)         0.029     1.128 r  clk_IBUF_BUFG_inst/O
                         net (fo=71, routed)          0.829     1.957    clk_IBUF_BUFG
    SLICE_X35Y50         FDRE                                         r  div_reg[23]/C
                         clock pessimism             -0.244     1.713    
    SLICE_X35Y50         FDRE (Hold_fdre_C_D)         0.105     1.818    div_reg[23]
  -------------------------------------------------------------------
                         required time                         -1.818    
                         arrival time                           1.932    
  -------------------------------------------------------------------
                         slack                                  0.114    

Slack (MET) :             0.139ns  (arrival time - required time)
  Source:                 div_reg[20]/C
                            (rising edge-triggered cell FDRE clocked by sys_clk_pin  {rise@0.000ns fall@5.000ns period=10.000ns})
  Destination:            div_reg[22]/D
                            (rising edge-triggered cell FDRE clocked by sys_clk_pin  {rise@0.000ns fall@5.000ns period=10.000ns})
  Path Group:             sys_clk_pin
  Path Type:              Hold (Min at Fast Process Corner)
  Requirement:            0.000ns  (sys_clk_pin rise@0.000ns - sys_clk_pin rise@0.000ns)
  Data Path Delay:        0.511ns  (logic 0.391ns (76.521%)  route 0.120ns (23.479%))
  Logic Levels:           2  (CARRY4=2)
  Clock Path Skew:        0.267ns (DCD - SCD - CPR)
    Destination Clock Delay (DCD):    1.957ns
    Source Clock Delay      (SCD):    1.446ns
    Clock Pessimism Removal (CPR):    0.244ns

    Location             Delay type                Incr(ns)  Path(ns)    Netlist Resource(s)
  -------------------------------------------------------------------    -------------------
                         (clock sys_clk_pin rise edge)
                                                      0.000     0.000 r  
    W5                                                0.000     0.000 r  clk (IN)
                         net (fo=0)                   0.000     0.000    clk
    W5                   IBUF (Prop_ibuf_I_O)         0.226     0.226 r  clk_IBUF_inst/O
                         net (fo=1, routed)           0.631     0.858    clk_IBUF
    BUFGCTRL_X0Y1        BUFG (Prop_bufg_I_O)         0.026     0.884 r  clk_IBUF_BUFG_inst/O
                         net (fo=71, routed)          0.563     1.446    clk_IBUF_BUFG
    SLICE_X35Y49         FDRE                                         r  div_reg[20]/C
  -------------------------------------------------------------------    -------------------
    SLICE_X35Y49         FDRE (Prop_fdre_C_Q)         0.141     1.587 r  div_reg[20]/Q
                         net (fo=2, routed)           0.119     1.706    div_reg_n_0_[20]
    SLICE_X35Y49         CARRY4 (Prop_carry4_S[3]_CO[3])
                                                      0.160     1.866 r  div_reg[20]_i_1/CO[3]
                         net (fo=1, routed)           0.001     1.867    div_reg[20]_i_1_n_0
    SLICE_X35Y50         CARRY4 (Prop_carry4_CI_O[1])
                                                      0.090     1.957 r  div_reg[24]_i_1/O[1]
                         net (fo=1, routed)           0.000     1.957    data0[22]
    SLICE_X35Y50         FDRE                                         r  div_reg[22]/D
  -------------------------------------------------------------------    -------------------

                         (clock sys_clk_pin rise edge)
                                                      0.000     0.000 r  
    W5                                                0.000     0.000 r  clk (IN)
                         net (fo=0)                   0.000     0.000    clk
    W5                   IBUF (Prop_ibuf_I_O)         0.414     0.414 r  clk_IBUF_inst/O
                         net (fo=1, routed)           0.685     1.099    clk_IBUF
    BUFGCTRL_X0Y1        BUFG (Prop_bufg_I_O)         0.029     1.128 r  clk_IBUF_BUFG_inst/O
                         net (fo=71, routed)          0.829     1.957    clk_IBUF_BUFG
    SLICE_X35Y50         FDRE                                         r  div_reg[22]/C
                         clock pessimism             -0.244     1.713    
    SLICE_X35Y50         FDRE (Hold_fdre_C_D)         0.105     1.818    div_reg[22]
  -------------------------------------------------------------------
                         required time                         -1.818    
                         arrival time                           1.957    
  -------------------------------------------------------------------
                         slack                                  0.139    

Slack (MET) :             0.139ns  (arrival time - required time)
  Source:                 div_reg[20]/C
                            (rising edge-triggered cell FDRE clocked by sys_clk_pin  {rise@0.000ns fall@5.000ns period=10.000ns})
  Destination:            div_reg[24]/D
                            (rising edge-triggered cell FDRE clocked by sys_clk_pin  {rise@0.000ns fall@5.000ns period=10.000ns})
  Path Group:             sys_clk_pin
  Path Type:              Hold (Min at Fast Process Corner)
  Requirement:            0.000ns  (sys_clk_pin rise@0.000ns - sys_clk_pin rise@0.000ns)
  Data Path Delay:        0.511ns  (logic 0.391ns (76.521%)  route 0.120ns (23.479%))
  Logic Levels:           2  (CARRY4=2)
  Clock Path Skew:        0.267ns (DCD - SCD - CPR)
    Destination Clock Delay (DCD):    1.957ns
    Source Clock Delay      (SCD):    1.446ns
    Clock Pessimism Removal (CPR):    0.244ns

    Location             Delay type                Incr(ns)  Path(ns)    Netlist Resource(s)
  -------------------------------------------------------------------    -------------------
                         (clock sys_clk_pin rise edge)
                                                      0.000     0.000 r  
    W5                                                0.000     0.000 r  clk (IN)
                         net (fo=0)                   0.000     0.000    clk
    W5                   IBUF (Prop_ibuf_I_O)         0.226     0.226 r  clk_IBUF_inst/O
                         net (fo=1, routed)           0.631     0.858    clk_IBUF
    BUFGCTRL_X0Y1        BUFG (Prop_bufg_I_O)         0.026     0.884 r  clk_IBUF_BUFG_inst/O
                         net (fo=71, routed)          0.563     1.446    clk_IBUF_BUFG
    SLICE_X35Y49         FDRE                                         r  div_reg[20]/C
  -------------------------------------------------------------------    -------------------
    SLICE_X35Y49         FDRE (Prop_fdre_C_Q)         0.141     1.587 r  div_reg[20]/Q
                         net (fo=2, routed)           0.119     1.706    div_reg_n_0_[20]
    SLICE_X35Y49         CARRY4 (Prop_carry4_S[3]_CO[3])
                                                      0.160     1.866 r  div_reg[20]_i_1/CO[3]
                         net (fo=1, routed)           0.001     1.867    div_reg[20]_i_1_n_0
    SLICE_X35Y50         CARRY4 (Prop_carry4_CI_O[3])
                                                      0.090     1.957 r  div_reg[24]_i_1/O[3]
                         net (fo=1, routed)           0.000     1.957    data0[24]
    SLICE_X35Y50         FDRE                                         r  div_reg[24]/D
  -------------------------------------------------------------------    -------------------

                         (clock sys_clk_pin rise edge)
                                                      0.000     0.000 r  
    W5                                                0.000     0.000 r  clk (IN)
                         net (fo=0)                   0.000     0.000    clk
    W5                   IBUF (Prop_ibuf_I_O)         0.414     0.414 r  clk_IBUF_inst/O
                         net (fo=1, routed)           0.685     1.099    clk_IBUF
    BUFGCTRL_X0Y1        BUFG (Prop_bufg_I_O)         0.029     1.128 r  clk_IBUF_BUFG_inst/O
                         net (fo=71, routed)          0.829     1.957    clk_IBUF_BUFG
    SLICE_X35Y50         FDRE                                         r  div_reg[24]/C
                         clock pessimism             -0.244     1.713    
    SLICE_X35Y50         FDRE (Hold_fdre_C_D)         0.105     1.818    div_reg[24]
  -------------------------------------------------------------------
                         required time                         -1.818    
                         arrival time                           1.957    
  -------------------------------------------------------------------
                         slack                                  0.139    

Slack (MET) :             0.142ns  (arrival time - required time)
  Source:                 div_reg[20]/C
                            (rising edge-triggered cell FDRE clocked by sys_clk_pin  {rise@0.000ns fall@5.000ns period=10.000ns})
  Destination:            div_reg[25]/D
                            (rising edge-triggered cell FDRE clocked by sys_clk_pin  {rise@0.000ns fall@5.000ns period=10.000ns})
  Path Group:             sys_clk_pin
  Path Type:              Hold (Min at Fast Process Corner)
  Requirement:            0.000ns  (sys_clk_pin rise@0.000ns - sys_clk_pin rise@0.000ns)
  Data Path Delay:        0.514ns  (logic 0.394ns (76.658%)  route 0.120ns (23.342%))
  Logic Levels:           3  (CARRY4=3)
  Clock Path Skew:        0.267ns (DCD - SCD - CPR)
    Destination Clock Delay (DCD):    1.957ns
    Source Clock Delay      (SCD):    1.446ns
    Clock Pessimism Removal (CPR):    0.244ns

    Location             Delay type                Incr(ns)  Path(ns)    Netlist Resource(s)
  -------------------------------------------------------------------    -------------------
                         (clock sys_clk_pin rise edge)
                                                      0.000     0.000 r  
    W5                                                0.000     0.000 r  clk (IN)
                         net (fo=0)                   0.000     0.000    clk
    W5                   IBUF (Prop_ibuf_I_O)         0.226     0.226 r  clk_IBUF_inst/O
                         net (fo=1, routed)           0.631     0.858    clk_IBUF
    BUFGCTRL_X0Y1        BUFG (Prop_bufg_I_O)         0.026     0.884 r  clk_IBUF_BUFG_inst/O
                         net (fo=71, routed)          0.563     1.446    clk_IBUF_BUFG
    SLICE_X35Y49         FDRE                                         r  div_reg[20]/C
  -------------------------------------------------------------------    -------------------
    SLICE_X35Y49         FDRE (Prop_fdre_C_Q)         0.141     1.587 r  div_reg[20]/Q
                         net (fo=2, routed)           0.119     1.706    div_reg_n_0_[20]
    SLICE_X35Y49         CARRY4 (Prop_carry4_S[3]_CO[3])
                                                      0.160     1.866 r  div_reg[20]_i_1/CO[3]
                         net (fo=1, routed)           0.001     1.867    div_reg[20]_i_1_n_0
    SLICE_X35Y50         CARRY4 (Prop_carry4_CI_CO[3])
                                                      0.039     1.906 r  div_reg[24]_i_1/CO[3]
                         net (fo=1, routed)           0.000     1.906    div_reg[24]_i_1_n_0
    SLICE_X35Y51         CARRY4 (Prop_carry4_CI_O[0])
                                                      0.054     1.960 r  div_reg[28]_i_1/O[0]
                         net (fo=1, routed)           0.000     1.960    data0[25]
    SLICE_X35Y51         FDRE                                         r  div_reg[25]/D
  -------------------------------------------------------------------    -------------------

                         (clock sys_clk_pin rise edge)
                                                      0.000     0.000 r  
    W5                                                0.000     0.000 r  clk (IN)
                         net (fo=0)                   0.000     0.000    clk
    W5                   IBUF (Prop_ibuf_I_O)         0.414     0.414 r  clk_IBUF_inst/O
                         net (fo=1, routed)           0.685     1.099    clk_IBUF
    BUFGCTRL_X0Y1        BUFG (Prop_bufg_I_O)         0.029     1.128 r  clk_IBUF_BUFG_inst/O
                         net (fo=71, routed)          0.829     1.957    clk_IBUF_BUFG
    SLICE_X35Y51         FDRE                                         r  div_reg[25]/C
                         clock pessimism             -0.244     1.713    
    SLICE_X35Y51         FDRE (Hold_fdre_C_D)         0.105     1.818    div_reg[25]
  -------------------------------------------------------------------
                         required time                         -1.818    
                         arrival time                           1.960    
  -------------------------------------------------------------------
                         slack                                  0.142    

Slack (MET) :             0.153ns  (arrival time - required time)
  Source:                 div_reg[20]/C
                            (rising edge-triggered cell FDRE clocked by sys_clk_pin  {rise@0.000ns fall@5.000ns period=10.000ns})
  Destination:            div_reg[27]/D
                            (rising edge-triggered cell FDRE clocked by sys_clk_pin  {rise@0.000ns fall@5.000ns period=10.000ns})
  Path Group:             sys_clk_pin
  Path Type:              Hold (Min at Fast Process Corner)
  Requirement:            0.000ns  (sys_clk_pin rise@0.000ns - sys_clk_pin rise@0.000ns)
  Data Path Delay:        0.525ns  (logic 0.405ns (77.147%)  route 0.120ns (22.853%))
  Logic Levels:           3  (CARRY4=3)
  Clock Path Skew:        0.267ns (DCD - SCD - CPR)
    Destination Clock Delay (DCD):    1.957ns
    Source Clock Delay      (SCD):    1.446ns
    Clock Pessimism Removal (CPR):    0.244ns

    Location             Delay type                Incr(ns)  Path(ns)    Netlist Resource(s)
  -------------------------------------------------------------------    -------------------
                         (clock sys_clk_pin rise edge)
                                                      0.000     0.000 r  
    W5                                                0.000     0.000 r  clk (IN)
                         net (fo=0)                   0.000     0.000    clk
    W5                   IBUF (Prop_ibuf_I_O)         0.226     0.226 r  clk_IBUF_inst/O
                         net (fo=1, routed)           0.631     0.858    clk_IBUF
    BUFGCTRL_X0Y1        BUFG (Prop_bufg_I_O)         0.026     0.884 r  clk_IBUF_BUFG_inst/O
                         net (fo=71, routed)          0.563     1.446    clk_IBUF_BUFG
    SLICE_X35Y49         FDRE                                         r  div_reg[20]/C
  -------------------------------------------------------------------    -------------------
    SLICE_X35Y49         FDRE (Prop_fdre_C_Q)         0.141     1.587 r  div_reg[20]/Q
                         net (fo=2, routed)           0.119     1.706    div_reg_n_0_[20]
    SLICE_X35Y49         CARRY4 (Prop_carry4_S[3]_CO[3])
                                                      0.160     1.866 r  div_reg[20]_i_1/CO[3]
                         net (fo=1, routed)           0.001     1.867    div_reg[20]_i_1_n_0
    SLICE_X35Y50         CARRY4 (Prop_carry4_CI_CO[3])
                                                      0.039     1.906 r  div_reg[24]_i_1/CO[3]
                         net (fo=1, routed)           0.000     1.906    div_reg[24]_i_1_n_0
    SLICE_X35Y51         CARRY4 (Prop_carry4_CI_O[2])
                                                      0.065     1.971 r  div_reg[28]_i_1/O[2]
                         net (fo=1, routed)           0.000     1.971    data0[27]
    SLICE_X35Y51         FDRE                                         r  div_reg[27]/D
  -------------------------------------------------------------------    -------------------

                         (clock sys_clk_pin rise edge)
                                                      0.000     0.000 r  
    W5                                                0.000     0.000 r  clk (IN)
                         net (fo=0)                   0.000     0.000    clk
    W5                   IBUF (Prop_ibuf_I_O)         0.414     0.414 r  clk_IBUF_inst/O
                         net (fo=1, routed)           0.685     1.099    clk_IBUF
    BUFGCTRL_X0Y1        BUFG (Prop_bufg_I_O)         0.029     1.128 r  clk_IBUF_BUFG_inst/O
                         net (fo=71, routed)          0.829     1.957    clk_IBUF_BUFG
    SLICE_X35Y51         FDRE                                         r  div_reg[27]/C
                         clock pessimism             -0.244     1.713    
    SLICE_X35Y51         FDRE (Hold_fdre_C_D)         0.105     1.818    div_reg[27]
  -------------------------------------------------------------------
                         required time                         -1.818    
                         arrival time                           1.971    
  -------------------------------------------------------------------
                         slack                                  0.153    

Slack (MET) :             0.178ns  (arrival time - required time)
  Source:                 div_reg[20]/C
                            (rising edge-triggered cell FDRE clocked by sys_clk_pin  {rise@0.000ns fall@5.000ns period=10.000ns})
  Destination:            div_reg[26]/D
                            (rising edge-triggered cell FDRE clocked by sys_clk_pin  {rise@0.000ns fall@5.000ns period=10.000ns})
  Path Group:             sys_clk_pin
  Path Type:              Hold (Min at Fast Process Corner)
  Requirement:            0.000ns  (sys_clk_pin rise@0.000ns - sys_clk_pin rise@0.000ns)
  Data Path Delay:        0.550ns  (logic 0.430ns (78.186%)  route 0.120ns (21.814%))
  Logic Levels:           3  (CARRY4=3)
  Clock Path Skew:        0.267ns (DCD - SCD - CPR)
    Destination Clock Delay (DCD):    1.957ns
    Source Clock Delay      (SCD):    1.446ns
    Clock Pessimism Removal (CPR):    0.244ns

    Location             Delay type                Incr(ns)  Path(ns)    Netlist Resource(s)
  -------------------------------------------------------------------    -------------------
                         (clock sys_clk_pin rise edge)
                                                      0.000     0.000 r  
    W5                                                0.000     0.000 r  clk (IN)
                         net (fo=0)                   0.000     0.000    clk
    W5                   IBUF (Prop_ibuf_I_O)         0.226     0.226 r  clk_IBUF_inst/O
                         net (fo=1, routed)           0.631     0.858    clk_IBUF
    BUFGCTRL_X0Y1        BUFG (Prop_bufg_I_O)         0.026     0.884 r  clk_IBUF_BUFG_inst/O
                         net (fo=71, routed)          0.563     1.446    clk_IBUF_BUFG
    SLICE_X35Y49         FDRE                                         r  div_reg[20]/C
  -------------------------------------------------------------------    -------------------
    SLICE_X35Y49         FDRE (Prop_fdre_C_Q)         0.141     1.587 r  div_reg[20]/Q
                         net (fo=2, routed)           0.119     1.706    div_reg_n_0_[20]
    SLICE_X35Y49         CARRY4 (Prop_carry4_S[3]_CO[3])
                                                      0.160     1.866 r  div_reg[20]_i_1/CO[3]
                         net (fo=1, routed)           0.001     1.867    div_reg[20]_i_1_n_0
    SLICE_X35Y50         CARRY4 (Prop_carry4_CI_CO[3])
                                                      0.039     1.906 r  div_reg[24]_i_1/CO[3]
                         net (fo=1, routed)           0.000     1.906    div_reg[24]_i_1_n_0
    SLICE_X35Y51         CARRY4 (Prop_carry4_CI_O[1])
                                                      0.090     1.996 r  div_reg[28]_i_1/O[1]
                         net (fo=1, routed)           0.000     1.996    data0[26]
    SLICE_X35Y51         FDRE                                         r  div_reg[26]/D
  -------------------------------------------------------------------    -------------------

                         (clock sys_clk_pin rise edge)
                                                      0.000     0.000 r  
    W5                                                0.000     0.000 r  clk (IN)
                         net (fo=0)                   0.000     0.000    clk
    W5                   IBUF (Prop_ibuf_I_O)         0.414     0.414 r  clk_IBUF_inst/O
                         net (fo=1, routed)           0.685     1.099    clk_IBUF
    BUFGCTRL_X0Y1        BUFG (Prop_bufg_I_O)         0.029     1.128 r  clk_IBUF_BUFG_inst/O
                         net (fo=71, routed)          0.829     1.957    clk_IBUF_BUFG
    SLICE_X35Y51         FDRE                                         r  div_reg[26]/C
                         clock pessimism             -0.244     1.713    
    SLICE_X35Y51         FDRE (Hold_fdre_C_D)         0.105     1.818    div_reg[26]
  -------------------------------------------------------------------
                         required time                         -1.818    
                         arrival time                           1.996    
  -------------------------------------------------------------------
                         slack                                  0.178    

Slack (MET) :             0.178ns  (arrival time - required time)
  Source:                 div_reg[20]/C
                            (rising edge-triggered cell FDRE clocked by sys_clk_pin  {rise@0.000ns fall@5.000ns period=10.000ns})
  Destination:            div_reg[28]/D
                            (rising edge-triggered cell FDRE clocked by sys_clk_pin  {rise@0.000ns fall@5.000ns period=10.000ns})
  Path Group:             sys_clk_pin
  Path Type:              Hold (Min at Fast Process Corner)
  Requirement:            0.000ns  (sys_clk_pin rise@0.000ns - sys_clk_pin rise@0.000ns)
  Data Path Delay:        0.550ns  (logic 0.430ns (78.186%)  route 0.120ns (21.814%))
  Logic Levels:           3  (CARRY4=3)
  Clock Path Skew:        0.267ns (DCD - SCD - CPR)
    Destination Clock Delay (DCD):    1.957ns
    Source Clock Delay      (SCD):    1.446ns
    Clock Pessimism Removal (CPR):    0.244ns

    Location             Delay type                Incr(ns)  Path(ns)    Netlist Resource(s)
  -------------------------------------------------------------------    -------------------
                         (clock sys_clk_pin rise edge)
                                                      0.000     0.000 r  
    W5                                                0.000     0.000 r  clk (IN)
                         net (fo=0)                   0.000     0.000    clk
    W5                   IBUF (Prop_ibuf_I_O)         0.226     0.226 r  clk_IBUF_inst/O
                         net (fo=1, routed)           0.631     0.858    clk_IBUF
    BUFGCTRL_X0Y1        BUFG (Prop_bufg_I_O)         0.026     0.884 r  clk_IBUF_BUFG_inst/O
                         net (fo=71, routed)          0.563     1.446    clk_IBUF_BUFG
    SLICE_X35Y49         FDRE                                         r  div_reg[20]/C
  -------------------------------------------------------------------    -------------------
    SLICE_X35Y49         FDRE (Prop_fdre_C_Q)         0.141     1.587 r  div_reg[20]/Q
                         net (fo=2, routed)           0.119     1.706    div_reg_n_0_[20]
    SLICE_X35Y49         CARRY4 (Prop_carry4_S[3]_CO[3])
                                                      0.160     1.866 r  div_reg[20]_i_1/CO[3]
                         net (fo=1, routed)           0.001     1.867    div_reg[20]_i_1_n_0
    SLICE_X35Y50         CARRY4 (Prop_carry4_CI_CO[3])
                                                      0.039     1.906 r  div_reg[24]_i_1/CO[3]
                         net (fo=1, routed)           0.000     1.906    div_reg[24]_i_1_n_0
    SLICE_X35Y51         CARRY4 (Prop_carry4_CI_O[3])
                                                      0.090     1.996 r  div_reg[28]_i_1/O[3]
                         net (fo=1, routed)           0.000     1.996    data0[28]
    SLICE_X35Y51         FDRE                                         r  div_reg[28]/D
  -------------------------------------------------------------------    -------------------

                         (clock sys_clk_pin rise edge)
                                                      0.000     0.000 r  
    W5                                                0.000     0.000 r  clk (IN)
                         net (fo=0)                   0.000     0.000    clk
    W5                   IBUF (Prop_ibuf_I_O)         0.414     0.414 r  clk_IBUF_inst/O
                         net (fo=1, routed)           0.685     1.099    clk_IBUF
    BUFGCTRL_X0Y1        BUFG (Prop_bufg_I_O)         0.029     1.128 r  clk_IBUF_BUFG_inst/O
                         net (fo=71, routed)          0.829     1.957    clk_IBUF_BUFG
    SLICE_X35Y51         FDRE                                         r  div_reg[28]/C
                         clock pessimism             -0.244     1.713    
    SLICE_X35Y51         FDRE (Hold_fdre_C_D)         0.105     1.818    div_reg[28]
  -------------------------------------------------------------------
                         required time                         -1.818    
                         arrival time                           1.996    
  -------------------------------------------------------------------
                         slack                                  0.178    

Slack (MET) :             0.181ns  (arrival time - required time)
  Source:                 div_reg[20]/C
                            (rising edge-triggered cell FDRE clocked by sys_clk_pin  {rise@0.000ns fall@5.000ns period=10.000ns})
  Destination:            div_reg[29]/D
                            (rising edge-triggered cell FDRE clocked by sys_clk_pin  {rise@0.000ns fall@5.000ns period=10.000ns})
  Path Group:             sys_clk_pin
  Path Type:              Hold (Min at Fast Process Corner)
  Requirement:            0.000ns  (sys_clk_pin rise@0.000ns - sys_clk_pin rise@0.000ns)
  Data Path Delay:        0.553ns  (logic 0.433ns (78.305%)  route 0.120ns (21.695%))
  Logic Levels:           4  (CARRY4=4)
  Clock Path Skew:        0.267ns (DCD - SCD - CPR)
    Destination Clock Delay (DCD):    1.957ns
    Source Clock Delay      (SCD):    1.446ns
    Clock Pessimism Removal (CPR):    0.244ns

    Location             Delay type                Incr(ns)  Path(ns)    Netlist Resource(s)
  -------------------------------------------------------------------    -------------------
                         (clock sys_clk_pin rise edge)
                                                      0.000     0.000 r  
    W5                                                0.000     0.000 r  clk (IN)
                         net (fo=0)                   0.000     0.000    clk
    W5                   IBUF (Prop_ibuf_I_O)         0.226     0.226 r  clk_IBUF_inst/O
                         net (fo=1, routed)           0.631     0.858    clk_IBUF
    BUFGCTRL_X0Y1        BUFG (Prop_bufg_I_O)         0.026     0.884 r  clk_IBUF_BUFG_inst/O
                         net (fo=71, routed)          0.563     1.446    clk_IBUF_BUFG
    SLICE_X35Y49         FDRE                                         r  div_reg[20]/C
  -------------------------------------------------------------------    -------------------
    SLICE_X35Y49         FDRE (Prop_fdre_C_Q)         0.141     1.587 r  div_reg[20]/Q
                         net (fo=2, routed)           0.119     1.706    div_reg_n_0_[20]
    SLICE_X35Y49         CARRY4 (Prop_carry4_S[3]_CO[3])
                                                      0.160     1.866 r  div_reg[20]_i_1/CO[3]
                         net (fo=1, routed)           0.001     1.867    div_reg[20]_i_1_n_0
    SLICE_X35Y50         CARRY4 (Prop_carry4_CI_CO[3])
                                                      0.039     1.906 r  div_reg[24]_i_1/CO[3]
                         net (fo=1, routed)           0.000     1.906    div_reg[24]_i_1_n_0
    SLICE_X35Y51         CARRY4 (Prop_carry4_CI_CO[3])
                                                      0.039     1.945 r  div_reg[28]_i_1/CO[3]
                         net (fo=1, routed)           0.000     1.945    div_reg[28]_i_1_n_0
    SLICE_X35Y52         CARRY4 (Prop_carry4_CI_O[0])
                                                      0.054     1.999 r  div_reg[32]_i_2/O[0]
                         net (fo=1, routed)           0.000     1.999    data0[29]
    SLICE_X35Y52         FDRE                                         r  div_reg[29]/D
  -------------------------------------------------------------------    -------------------

                         (clock sys_clk_pin rise edge)
                                                      0.000     0.000 r  
    W5                                                0.000     0.000 r  clk (IN)
                         net (fo=0)                   0.000     0.000    clk
    W5                   IBUF (Prop_ibuf_I_O)         0.414     0.414 r  clk_IBUF_inst/O
                         net (fo=1, routed)           0.685     1.099    clk_IBUF
    BUFGCTRL_X0Y1        BUFG (Prop_bufg_I_O)         0.029     1.128 r  clk_IBUF_BUFG_inst/O
                         net (fo=71, routed)          0.829     1.957    clk_IBUF_BUFG
    SLICE_X35Y52         FDRE                                         r  div_reg[29]/C
                         clock pessimism             -0.244     1.713    
    SLICE_X35Y52         FDRE (Hold_fdre_C_D)         0.105     1.818    div_reg[29]
  -------------------------------------------------------------------
                         required time                         -1.818    
                         arrival time                           1.999    
  -------------------------------------------------------------------
                         slack                                  0.181    

Slack (MET) :             0.189ns  (arrival time - required time)
  Source:                 div_reg[25]/C
                            (rising edge-triggered cell FDRE clocked by sys_clk_pin  {rise@0.000ns fall@5.000ns period=10.000ns})
  Destination:            div_reg[0]/D
                            (rising edge-triggered cell FDRE clocked by sys_clk_pin  {rise@0.000ns fall@5.000ns period=10.000ns})
  Path Group:             sys_clk_pin
  Path Type:              Hold (Min at Fast Process Corner)
  Requirement:            0.000ns  (sys_clk_pin rise@0.000ns - sys_clk_pin rise@0.000ns)
  Data Path Delay:        0.579ns  (logic 0.231ns (39.884%)  route 0.348ns (60.116%))
  Logic Levels:           2  (LUT5=2)
  Clock Path Skew:        0.270ns (DCD - SCD - CPR)
    Destination Clock Delay (DCD):    1.958ns
    Source Clock Delay      (SCD):    1.444ns
    Clock Pessimism Removal (CPR):    0.244ns

    Location             Delay type                Incr(ns)  Path(ns)    Netlist Resource(s)
  -------------------------------------------------------------------    -------------------
                         (clock sys_clk_pin rise edge)
                                                      0.000     0.000 r  
    W5                                                0.000     0.000 r  clk (IN)
                         net (fo=0)                   0.000     0.000    clk
    W5                   IBUF (Prop_ibuf_I_O)         0.226     0.226 r  clk_IBUF_inst/O
                         net (fo=1, routed)           0.631     0.858    clk_IBUF
    BUFGCTRL_X0Y1        BUFG (Prop_bufg_I_O)         0.026     0.884 r  clk_IBUF_BUFG_inst/O
                         net (fo=71, routed)          0.561     1.444    clk_IBUF_BUFG
    SLICE_X35Y51         FDRE                                         r  div_reg[25]/C
  -------------------------------------------------------------------    -------------------
    SLICE_X35Y51         FDRE (Prop_fdre_C_Q)         0.141     1.585 f  div_reg[25]/Q
                         net (fo=2, routed)           0.099     1.684    div_reg_n_0_[25]
    SLICE_X34Y51         LUT5 (Prop_lut5_I3_O)        0.045     1.729 r  div[0]_i_3/O
                         net (fo=3, routed)           0.249     1.978    div[0]_i_3_n_0
    SLICE_X34Y46         LUT5 (Prop_lut5_I1_O)        0.045     2.023 r  div[0]_i_1/O
                         net (fo=1, routed)           0.000     2.023    div[0]
    SLICE_X34Y46         FDRE                                         r  div_reg[0]/D
  -------------------------------------------------------------------    -------------------

                         (clock sys_clk_pin rise edge)
                                                      0.000     0.000 r  
    W5                                                0.000     0.000 r  clk (IN)
                         net (fo=0)                   0.000     0.000    clk
    W5                   IBUF (Prop_ibuf_I_O)         0.414     0.414 r  clk_IBUF_inst/O
                         net (fo=1, routed)           0.685     1.099    clk_IBUF
    BUFGCTRL_X0Y1        BUFG (Prop_bufg_I_O)         0.029     1.128 r  clk_IBUF_BUFG_inst/O
                         net (fo=71, routed)          0.831     1.958    clk_IBUF_BUFG
    SLICE_X34Y46         FDRE                                         r  div_reg[0]/C
                         clock pessimism             -0.244     1.714    
    SLICE_X34Y46         FDRE (Hold_fdre_C_D)         0.120     1.834    div_reg[0]
  -------------------------------------------------------------------
                         required time                         -1.834    
                         arrival time                           2.023    
  -------------------------------------------------------------------
                         slack                                  0.189    





Pulse Width Checks
--------------------------------------------------------------------------------------
Clock Name:         sys_clk_pin
Waveform(ns):       { 0.000 5.000 }
Period(ns):         10.000
Sources:            { clk }

Check Type        Corner  Lib Pin  Reference Pin  Required(ns)  Actual(ns)  Slack(ns)  Location       Pin
Min Period        n/a     BUFG/I   n/a            2.155         10.000      7.845      BUFGCTRL_X0Y1  clk_IBUF_BUFG_inst/I
Min Period        n/a     FDRE/C   n/a            1.000         10.000      9.000      SLICE_X34Y46   div_reg[0]/C
Min Period        n/a     FDRE/C   n/a            1.000         10.000      9.000      SLICE_X35Y47   div_reg[10]/C
Min Period        n/a     FDRE/C   n/a            1.000         10.000      9.000      SLICE_X35Y47   div_reg[11]/C
Min Period        n/a     FDRE/C   n/a            1.000         10.000      9.000      SLICE_X35Y47   div_reg[12]/C
Min Period        n/a     FDRE/C   n/a            1.000         10.000      9.000      SLICE_X35Y48   div_reg[13]/C
Min Period        n/a     FDRE/C   n/a            1.000         10.000      9.000      SLICE_X35Y48   div_reg[14]/C
Min Period        n/a     FDRE/C   n/a            1.000         10.000      9.000      SLICE_X35Y48   div_reg[15]/C
Min Period        n/a     FDRE/C   n/a            1.000         10.000      9.000      SLICE_X35Y48   div_reg[16]/C
Min Period        n/a     FDRE/C   n/a            1.000         10.000      9.000      SLICE_X35Y49   div_reg[17]/C
Low Pulse Width   Slow    FDRE/C   n/a            0.500         5.000       4.500      SLICE_X34Y46   div_reg[0]/C
Low Pulse Width   Fast    FDRE/C   n/a            0.500         5.000       4.500      SLICE_X34Y46   div_reg[0]/C
Low Pulse Width   Slow    FDRE/C   n/a            0.500         5.000       4.500      SLICE_X35Y47   div_reg[10]/C
Low Pulse Width   Fast    FDRE/C   n/a            0.500         5.000       4.500      SLICE_X35Y47   div_reg[10]/C
Low Pulse Width   Slow    FDRE/C   n/a            0.500         5.000       4.500      SLICE_X35Y47   div_reg[11]/C
Low Pulse Width   Fast    FDRE/C   n/a            0.500         5.000       4.500      SLICE_X35Y47   div_reg[11]/C
Low Pulse Width   Slow    FDRE/C   n/a            0.500         5.000       4.500      SLICE_X35Y47   div_reg[12]/C
Low Pulse Width   Fast    FDRE/C   n/a            0.500         5.000       4.500      SLICE_X35Y47   div_reg[12]/C
Low Pulse Width   Slow    FDRE/C   n/a            0.500         5.000       4.500      SLICE_X35Y48   div_reg[13]/C
Low Pulse Width   Fast    FDRE/C   n/a            0.500         5.000       4.500      SLICE_X35Y48   div_reg[13]/C
High Pulse Width  Slow    FDRE/C   n/a            0.500         5.000       4.500      SLICE_X2Y32    dummyA_reg[0]/C
High Pulse Width  Slow    FDRE/C   n/a            0.500         5.000       4.500      SLICE_X2Y32    dummyA_reg[1]/C
High Pulse Width  Slow    FDRE/C   n/a            0.500         5.000       4.500      SLICE_X2Y32    dummyA_reg[2]/C
High Pulse Width  Slow    FDRE/C   n/a            0.500         5.000       4.500      SLICE_X2Y32    dummyA_reg[3]/C
High Pulse Width  Slow    FDRE/C   n/a            0.500         5.000       4.500      SLICE_X2Y32    dummyB_reg[0]/C
High Pulse Width  Slow    FDRE/C   n/a            0.500         5.000       4.500      SLICE_X2Y32    dummyB_reg[1]/C
High Pulse Width  Slow    FDRE/C   n/a            0.500         5.000       4.500      SLICE_X2Y32    dummyB_reg[2]/C
High Pulse Width  Slow    FDRE/C   n/a            0.500         5.000       4.500      SLICE_X2Y32    dummyB_reg[3]/C
High Pulse Width  Slow    FDRE/C   n/a            0.500         5.000       4.500      SLICE_X2Y34    dummybcdin_reg[0]/C
High Pulse Width  Slow    FDRE/C   n/a            0.500         5.000       4.500      SLICE_X2Y34    dummybcdin_reg[3]/C



